c:\users\mhdb9\desktop\project\la_project\la_project\debug\vc141.pdb
c:\users\mhdb9\desktop\project\la_project\la_project\debug\.netframework,version=v4.6.1.assemblyattributes.obj
c:\users\mhdb9\desktop\project\la_project\la_project\debug\.netframework,version=v4.6.1.assemblyattributes.asm
c:\users\mhdb9\desktop\project\la_project\debug\metroframework.design.dll
c:\users\mhdb9\desktop\project\la_project\debug\metroframework.dll
c:\users\mhdb9\desktop\project\la_project\debug\metroframework.fonts.dll
c:\users\mhdb9\desktop\project\la_project\la_project\debug\laproject.myform.resources
c:\users\mhdb9\desktop\project\la_project\debug\la_project.exe
c:\users\mhdb9\desktop\project\la_project\debug\la_project.pdb
c:\users\mhdb9\desktop\project\la_project\la_project\debug\la_project.tlog\metagen.write.1.tlog
c:\users\mhdb9\desktop\project\la_project\la_project\debug\la_project.vcxproj.generateresource.cache
c:\users\mhdb9\desktop\project\la_project\la_project\debug\la_project.vcxprojresolveassemblyreference.cache
c:\users\mhdb9\desktop\project\la_project\la_project\debug\la_project.tlog\cl.command.1.tlog
c:\users\mhdb9\desktop\project\la_project\la_project\debug\la_project.tlog\cl.read.1.tlog
c:\users\mhdb9\desktop\project\la_project\la_project\debug\la_project.tlog\cl.write.1.tlog
c:\users\mhdb9\desktop\project\la_project\la_project\debug\la_project.tlog\la_project.write.1u.tlog
c:\users\mhdb9\desktop\project\la_project\la_project\debug\la_project.tlog\link.command.1.tlog
c:\users\mhdb9\desktop\project\la_project\la_project\debug\la_project.tlog\link.read.1.tlog
c:\users\mhdb9\desktop\project\la_project\la_project\debug\la_project.tlog\link.write.1.tlog
c:\users\mhdb9\desktop\project\la_project\la_project\debug\la_project.tlog\metagen.read.1.tlog
c:\users\mhdb9\desktop\project\la_project\la_project\debug\la_project.tlog\metroframework.design.dll.metagen
c:\users\mhdb9\desktop\project\la_project\la_project\debug\la_project.tlog\metroframework.dll.metagen
c:\users\mhdb9\desktop\project\la_project\la_project\debug\la_project.tlog\metroframework.fonts.dll.metagen
c:\users\mhdb9\desktop\project\la_project\la_project\debug\la_project.tlog\tzres.dll.bi
